0 info it worked if it ends with ok
1 verbose cli [ '/Users/alexisvincent/.nvm/versions/node/v6.5.0/bin/node',
1 verbose cli   '/Users/alexisvincent/.nvm/versions/node/v6.5.0/bin/npm',
1 verbose cli   'run',
1 verbose cli   'build' ]
2 info using npm@3.10.3
3 info using node@v6.5.0
4 verbose run-script [ 'prebuild', 'build', 'postbuild' ]
5 info lifecycle systemjs-hmr@0.0.5~prebuild: systemjs-hmr@0.0.5
6 silly lifecycle systemjs-hmr@0.0.5~prebuild: no script for prebuild, continuing
7 info lifecycle systemjs-hmr@0.0.5~build: systemjs-hmr@0.0.5
8 verbose lifecycle systemjs-hmr@0.0.5~build: unsafe-perm in lifecycle true
9 verbose lifecycle systemjs-hmr@0.0.5~build: PATH: /Users/alexisvincent/.nvm/versions/node/v6.5.0/lib/node_modules/npm/bin/node-gyp-bin:/Users/alexisvincent/Code/systemjs-hmr/node_modules/.bin:/Users/alexisvincent/.nvm/versions/node/v6.5.0/bin:/Users/alexisvincent/Code/systemjs-hmr/node_modules/.bin:/Users/alexisvincent/.yarn-cache/.link/node_modules/.bin:/Users/alexisvincent/Code/systemjs-hmr/node_modules/.bin:/Users/alexisvincent/.yarn-cache/.link/node_modules/.bin:/Users/alexisvincent/Code/systemjs-hmr/bower_components/.bin:/Users/alexisvincent/.yarn-cache/.link/bower_components/.bin:/Users/alexisvincent/.nvm/versions/node/v6.5.0/lib/node_modules/yarn/bin/node-gyp-bin:/Applications/google-cloud-sdk/bin:/Users/alexisvincent/.nvm/versions/node/v6.5.0/bin:/usr/local/sbin:/usr/local/bin:/usr/bin:/bin:/usr/sbin:/sbin:/Users/alexisvincent/.local/bin/:/usr/local/opt/gettext/bin:/Users/alexisvincent/.composer/vendor/bin:/Library/TeX/Root/bin/x86_64-darwin/:/Users/alexisvincent/.stack/programs/x86_64-osx/ghc-7.10.3/bin/:/Users/alexisvincent/.local/bin:/Users/alexisvincent/.cabal/bin/
10 verbose lifecycle systemjs-hmr@0.0.5~build: CWD: /Users/alexisvincent/Code/systemjs-hmr
11 silly lifecycle systemjs-hmr@0.0.5~build: Args: [ '-c', 'babel lib -d dist' ]
12 silly lifecycle systemjs-hmr@0.0.5~build: Returned: code: 1  signal: null
13 info lifecycle systemjs-hmr@0.0.5~build: Failed to exec build script
14 verbose stack Error: systemjs-hmr@0.0.5 build: `babel lib -d dist`
14 verbose stack Exit status 1
14 verbose stack     at EventEmitter.<anonymous> (/Users/alexisvincent/.nvm/versions/node/v6.5.0/lib/node_modules/npm/lib/utils/lifecycle.js:242:16)
14 verbose stack     at emitTwo (events.js:106:13)
14 verbose stack     at EventEmitter.emit (events.js:191:7)
14 verbose stack     at ChildProcess.<anonymous> (/Users/alexisvincent/.nvm/versions/node/v6.5.0/lib/node_modules/npm/lib/utils/spawn.js:40:14)
14 verbose stack     at emitTwo (events.js:106:13)
14 verbose stack     at ChildProcess.emit (events.js:191:7)
14 verbose stack     at maybeClose (internal/child_process.js:877:16)
14 verbose stack     at Process.ChildProcess._handle.onexit (internal/child_process.js:226:5)
15 verbose pkgid systemjs-hmr@0.0.5
16 verbose cwd /Users/alexisvincent/Code/systemjs-hmr
17 error Darwin 16.1.0
18 error argv "/Users/alexisvincent/.nvm/versions/node/v6.5.0/bin/node" "/Users/alexisvincent/.nvm/versions/node/v6.5.0/bin/npm" "run" "build"
19 error node v6.5.0
20 error npm  v3.10.3
21 error code ELIFECYCLE
22 error systemjs-hmr@0.0.5 build: `babel lib -d dist`
22 error Exit status 1
23 error Failed at the systemjs-hmr@0.0.5 build script 'babel lib -d dist'.
23 error Make sure you have the latest version of node.js and npm installed.
23 error If you do, this is most likely a problem with the systemjs-hmr package,
23 error not with npm itself.
23 error Tell the author that this fails on your system:
23 error     babel lib -d dist
23 error You can get information on how to open an issue for this project with:
23 error     npm bugs systemjs-hmr
23 error Or if that isn't available, you can get their info via:
23 error     npm owner ls systemjs-hmr
23 error There is likely additional logging output above.
24 verbose exit [ 1, true ]
